particle tdm_snow2_flurries_fs {
	{
		count				20
		material			textures/particles/snowflake_1
		time				10.000
		cycles				0.000
		bunching			1.000
		distribution		rect 50.000 50.000 999.000 
		direction			cone "45.000" 
		orientation			view 
		speed				 "-20.000" 
		size				 "0.500" 
		aspect				 "1.000" 
		rotation				 "33.000"  to "47.000"
		randomDistribution				1
		boundsExpansion				0.000
		fadeIn				0.200
		fadeOut				0.200
		fadeIndex				0.000
		color 				1.000 1.000 1.000 1.000
		fadeColor 			0.000 0.000 0.000 0.000
		offset 				0.000 0.000 0.000
		gravity 			world 5.000
	
		collisionStatic
		mapLayout			linear
		diversityPeriod		3
		collisionStaticTimeSteps 10
	}
	{
		count				5
		material			textures/particles/snowflake_2
		time				10.000
		cycles				0.000
		bunching			1.000
		distribution		rect 50.000 50.000 999.000 
		direction			cone "60.000" 
		orientation			view 
		speed				 "-40.000"  to "-30.000"
		size				 "1.000" 
		aspect				 "1.000" 
		rotation				 "41.000"  to "66.000"
		randomDistribution				1
		boundsExpansion				0.000
		fadeIn				0.200
		fadeOut				0.200
		fadeIndex				0.000
		color 				1.000 1.000 1.000 1.000
		fadeColor 			0.000 0.000 0.000 0.000
		offset 				0.000 0.000 0.000
		gravity 			world 5.000
	
		collisionStatic
		mapLayout			linear
		diversityPeriod		4
		collisionStaticTimeSteps 10
	}
}